<?xml version="1.0" encoding="UTF-8"?>
<testsuite xmlns:xsi="http://www.w3.org/2001/XMLSchema-instance" xsi:noNamespaceSchemaLocation="https://maven.apache.org/surefire/maven-surefire-plugin/xsd/surefire-test-report.xsd" name="com.zzy.HelloworldApplicationTests" time="1.989" tests="1" errors="0" skipped="0" failures="0">
  <properties>
    <property name="sun.desktop" value="windows"/>
    <property name="awt.toolkit" value="sun.awt.windows.WToolkit"/>
    <property name="file.encoding.pkg" value="sun.io"/>
    <property name="java.specification.version" value="1.8"/>
    <property name="sun.cpu.isalist" value="amd64"/>
    <property name="sun.jnu.encoding" value="GBK"/>
    <property name="java.class.path" value="E:\Git仓库\helloworld\target\test-classes;E:\Git仓库\helloworld\target\classes;E:\Maven\apache-maven-3.6.1\mvn_resp\org\springframework\boot\spring-boot-starter-web\2.7.12\spring-boot-starter-web-2.7.12.jar;E:\Maven\apache-maven-3.6.1\mvn_resp\org\springframework\boot\spring-boot-starter\2.7.12\spring-boot-starter-2.7.12.jar;E:\Maven\apache-maven-3.6.1\mvn_resp\org\springframework\boot\spring-boot-starter-logging\2.7.12\spring-boot-starter-logging-2.7.12.jar;E:\Maven\apache-maven-3.6.1\mvn_resp\ch\qos\logback\logback-classic\1.2.12\logback-classic-1.2.12.jar;E:\Maven\apache-maven-3.6.1\mvn_resp\ch\qos\logback\logback-core\1.2.12\logback-core-1.2.12.jar;E:\Maven\apache-maven-3.6.1\mvn_resp\org\apache\logging\log4j\log4j-to-slf4j\2.17.2\log4j-to-slf4j-2.17.2.jar;E:\Maven\apache-maven-3.6.1\mvn_resp\org\apache\logging\log4j\log4j-api\2.17.2\log4j-api-2.17.2.jar;E:\Maven\apache-maven-3.6.1\mvn_resp\org\slf4j\jul-to-slf4j\1.7.36\jul-to-slf4j-1.7.36.jar;E:\Maven\apache-maven-3.6.1\mvn_resp\jakarta\annotation\jakarta.annotation-api\1.3.5\jakarta.annotation-api-1.3.5.jar;E:\Maven\apache-maven-3.6.1\mvn_resp\org\yaml\snakeyaml\1.30\snakeyaml-1.30.jar;E:\Maven\apache-maven-3.6.1\mvn_resp\org\springframework\boot\spring-boot-starter-json\2.7.12\spring-boot-starter-json-2.7.12.jar;E:\Maven\apache-maven-3.6.1\mvn_resp\com\fasterxml\jackson\core\jackson-databind\2.13.5\jackson-databind-2.13.5.jar;E:\Maven\apache-maven-3.6.1\mvn_resp\com\fasterxml\jackson\core\jackson-annotations\2.13.5\jackson-annotations-2.13.5.jar;E:\Maven\apache-maven-3.6.1\mvn_resp\com\fasterxml\jackson\core\jackson-core\2.13.5\jackson-core-2.13.5.jar;E:\Maven\apache-maven-3.6.1\mvn_resp\com\fasterxml\jackson\datatype\jackson-datatype-jdk8\2.13.5\jackson-datatype-jdk8-2.13.5.jar;E:\Maven\apache-maven-3.6.1\mvn_resp\com\fasterxml\jackson\datatype\jackson-datatype-jsr310\2.13.5\jackson-datatype-jsr310-2.13.5.jar;E:\Maven\apache-maven-3.6.1\mvn_resp\com\fasterxml\jackson\module\jackson-module-parameter-names\2.13.5\jackson-module-parameter-names-2.13.5.jar;E:\Maven\apache-maven-3.6.1\mvn_resp\org\springframework\boot\spring-boot-starter-tomcat\2.7.12\spring-boot-starter-tomcat-2.7.12.jar;E:\Maven\apache-maven-3.6.1\mvn_resp\org\apache\tomcat\embed\tomcat-embed-core\9.0.75\tomcat-embed-core-9.0.75.jar;E:\Maven\apache-maven-3.6.1\mvn_resp\org\apache\tomcat\embed\tomcat-embed-el\9.0.75\tomcat-embed-el-9.0.75.jar;E:\Maven\apache-maven-3.6.1\mvn_resp\org\apache\tomcat\embed\tomcat-embed-websocket\9.0.75\tomcat-embed-websocket-9.0.75.jar;E:\Maven\apache-maven-3.6.1\mvn_resp\org\springframework\spring-web\5.3.27\spring-web-5.3.27.jar;E:\Maven\apache-maven-3.6.1\mvn_resp\org\springframework\spring-beans\5.3.27\spring-beans-5.3.27.jar;E:\Maven\apache-maven-3.6.1\mvn_resp\org\springframework\spring-webmvc\5.3.27\spring-webmvc-5.3.27.jar;E:\Maven\apache-maven-3.6.1\mvn_resp\org\springframework\spring-aop\5.3.27\spring-aop-5.3.27.jar;E:\Maven\apache-maven-3.6.1\mvn_resp\org\springframework\spring-context\5.3.27\spring-context-5.3.27.jar;E:\Maven\apache-maven-3.6.1\mvn_resp\org\springframework\spring-expression\5.3.27\spring-expression-5.3.27.jar;E:\Maven\apache-maven-3.6.1\mvn_resp\org\springframework\boot\spring-boot-devtools\2.7.12\spring-boot-devtools-2.7.12.jar;E:\Maven\apache-maven-3.6.1\mvn_resp\org\springframework\boot\spring-boot\2.7.12\spring-boot-2.7.12.jar;E:\Maven\apache-maven-3.6.1\mvn_resp\org\springframework\boot\spring-boot-autoconfigure\2.7.12\spring-boot-autoconfigure-2.7.12.jar;E:\Maven\apache-maven-3.6.1\mvn_resp\org\projectlombok\lombok\1.18.26\lombok-1.18.26.jar;E:\Maven\apache-maven-3.6.1\mvn_resp\org\springframework\boot\spring-boot-starter-test\2.7.12\spring-boot-starter-test-2.7.12.jar;E:\Maven\apache-maven-3.6.1\mvn_resp\org\springframework\boot\spring-boot-test\2.7.12\spring-boot-test-2.7.12.jar;E:\Maven\apache-maven-3.6.1\mvn_resp\org\springframework\boot\spring-boot-test-autoconfigure\2.7.12\spring-boot-test-autoconfigure-2.7.12.jar;E:\Maven\apache-maven-3.6.1\mvn_resp\com\jayway\jsonpath\json-path\2.7.0\json-path-2.7.0.jar;E:\Maven\apache-maven-3.6.1\mvn_resp\net\minidev\json-smart\2.4.11\json-smart-2.4.11.jar;E:\Maven\apache-maven-3.6.1\mvn_resp\net\minidev\accessors-smart\2.4.11\accessors-smart-2.4.11.jar;E:\Maven\apache-maven-3.6.1\mvn_resp\org\ow2\asm\asm\9.3\asm-9.3.jar;E:\Maven\apache-maven-3.6.1\mvn_resp\org\slf4j\slf4j-api\1.7.36\slf4j-api-1.7.36.jar;E:\Maven\apache-maven-3.6.1\mvn_resp\jakarta\xml\bind\jakarta.xml.bind-api\2.3.3\jakarta.xml.bind-api-2.3.3.jar;E:\Maven\apache-maven-3.6.1\mvn_resp\jakarta\activation\jakarta.activation-api\1.2.2\jakarta.activation-api-1.2.2.jar;E:\Maven\apache-maven-3.6.1\mvn_resp\org\assertj\assertj-core\3.22.0\assertj-core-3.22.0.jar;E:\Maven\apache-maven-3.6.1\mvn_resp\org\hamcrest\hamcrest\2.2\hamcrest-2.2.jar;E:\Maven\apache-maven-3.6.1\mvn_resp\org\junit\jupiter\junit-jupiter\5.8.2\junit-jupiter-5.8.2.jar;E:\Maven\apache-maven-3.6.1\mvn_resp\org\junit\jupiter\junit-jupiter-api\5.8.2\junit-jupiter-api-5.8.2.jar;E:\Maven\apache-maven-3.6.1\mvn_resp\org\opentest4j\opentest4j\1.2.0\opentest4j-1.2.0.jar;E:\Maven\apache-maven-3.6.1\mvn_resp\org\junit\platform\junit-platform-commons\1.8.2\junit-platform-commons-1.8.2.jar;E:\Maven\apache-maven-3.6.1\mvn_resp\org\apiguardian\apiguardian-api\1.1.2\apiguardian-api-1.1.2.jar;E:\Maven\apache-maven-3.6.1\mvn_resp\org\junit\jupiter\junit-jupiter-params\5.8.2\junit-jupiter-params-5.8.2.jar;E:\Maven\apache-maven-3.6.1\mvn_resp\org\junit\jupiter\junit-jupiter-engine\5.8.2\junit-jupiter-engine-5.8.2.jar;E:\Maven\apache-maven-3.6.1\mvn_resp\org\junit\platform\junit-platform-engine\1.8.2\junit-platform-engine-1.8.2.jar;E:\Maven\apache-maven-3.6.1\mvn_resp\org\mockito\mockito-core\4.5.1\mockito-core-4.5.1.jar;E:\Maven\apache-maven-3.6.1\mvn_resp\net\bytebuddy\byte-buddy\1.12.23\byte-buddy-1.12.23.jar;E:\Maven\apache-maven-3.6.1\mvn_resp\net\bytebuddy\byte-buddy-agent\1.12.23\byte-buddy-agent-1.12.23.jar;E:\Maven\apache-maven-3.6.1\mvn_resp\org\objenesis\objenesis\3.2\objenesis-3.2.jar;E:\Maven\apache-maven-3.6.1\mvn_resp\org\mockito\mockito-junit-jupiter\4.5.1\mockito-junit-jupiter-4.5.1.jar;E:\Maven\apache-maven-3.6.1\mvn_resp\org\skyscreamer\jsonassert\1.5.1\jsonassert-1.5.1.jar;E:\Maven\apache-maven-3.6.1\mvn_resp\com\vaadin\external\google\android-json\0.0.20131108.vaadin1\android-json-0.0.20131108.vaadin1.jar;E:\Maven\apache-maven-3.6.1\mvn_resp\org\springframework\spring-core\5.3.27\spring-core-5.3.27.jar;E:\Maven\apache-maven-3.6.1\mvn_resp\org\springframework\spring-jcl\5.3.27\spring-jcl-5.3.27.jar;E:\Maven\apache-maven-3.6.1\mvn_resp\org\springframework\spring-test\5.3.27\spring-test-5.3.27.jar;E:\Maven\apache-maven-3.6.1\mvn_resp\org\xmlunit\xmlunit-core\2.9.1\xmlunit-core-2.9.1.jar;"/>
    <property name="java.vm.vendor" value="Oracle Corporation"/>
    <property name="sun.arch.data.model" value="64"/>
    <property name="user.variant" value=""/>
    <property name="java.vendor.url" value="http://java.oracle.com/"/>
    <property name="user.timezone" value="Asia/Shanghai"/>
    <property name="java.vm.specification.version" value="1.8"/>
    <property name="os.name" value="Windows 10"/>
    <property name="user.country" value="CN"/>
    <property name="sun.java.launcher" value="SUN_STANDARD"/>
    <property name="sun.boot.library.path" value="E:\JDK8\jdk1.8\jre\bin"/>
    <property name="sun.java.command" value="C:\Users\86152\AppData\Local\Temp\surefire2739474617927654793\surefirebooter6781597124510727253.jar C:\Users\86152\AppData\Local\Temp\surefire2739474617927654793 2023-06-17T15-26-40_213-jvmRun1 surefire346244879804154122tmp surefire_05974889201684136955tmp"/>
    <property name="surefire.test.class.path" value="E:\Git仓库\helloworld\target\test-classes;E:\Git仓库\helloworld\target\classes;E:\Maven\apache-maven-3.6.1\mvn_resp\org\springframework\boot\spring-boot-starter-web\2.7.12\spring-boot-starter-web-2.7.12.jar;E:\Maven\apache-maven-3.6.1\mvn_resp\org\springframework\boot\spring-boot-starter\2.7.12\spring-boot-starter-2.7.12.jar;E:\Maven\apache-maven-3.6.1\mvn_resp\org\springframework\boot\spring-boot-starter-logging\2.7.12\spring-boot-starter-logging-2.7.12.jar;E:\Maven\apache-maven-3.6.1\mvn_resp\ch\qos\logback\logback-classic\1.2.12\logback-classic-1.2.12.jar;E:\Maven\apache-maven-3.6.1\mvn_resp\ch\qos\logback\logback-core\1.2.12\logback-core-1.2.12.jar;E:\Maven\apache-maven-3.6.1\mvn_resp\org\apache\logging\log4j\log4j-to-slf4j\2.17.2\log4j-to-slf4j-2.17.2.jar;E:\Maven\apache-maven-3.6.1\mvn_resp\org\apache\logging\log4j\log4j-api\2.17.2\log4j-api-2.17.2.jar;E:\Maven\apache-maven-3.6.1\mvn_resp\org\slf4j\jul-to-slf4j\1.7.36\jul-to-slf4j-1.7.36.jar;E:\Maven\apache-maven-3.6.1\mvn_resp\jakarta\annotation\jakarta.annotation-api\1.3.5\jakarta.annotation-api-1.3.5.jar;E:\Maven\apache-maven-3.6.1\mvn_resp\org\yaml\snakeyaml\1.30\snakeyaml-1.30.jar;E:\Maven\apache-maven-3.6.1\mvn_resp\org\springframework\boot\spring-boot-starter-json\2.7.12\spring-boot-starter-json-2.7.12.jar;E:\Maven\apache-maven-3.6.1\mvn_resp\com\fasterxml\jackson\core\jackson-databind\2.13.5\jackson-databind-2.13.5.jar;E:\Maven\apache-maven-3.6.1\mvn_resp\com\fasterxml\jackson\core\jackson-annotations\2.13.5\jackson-annotations-2.13.5.jar;E:\Maven\apache-maven-3.6.1\mvn_resp\com\fasterxml\jackson\core\jackson-core\2.13.5\jackson-core-2.13.5.jar;E:\Maven\apache-maven-3.6.1\mvn_resp\com\fasterxml\jackson\datatype\jackson-datatype-jdk8\2.13.5\jackson-datatype-jdk8-2.13.5.jar;E:\Maven\apache-maven-3.6.1\mvn_resp\com\fasterxml\jackson\datatype\jackson-datatype-jsr310\2.13.5\jackson-datatype-jsr310-2.13.5.jar;E:\Maven\apache-maven-3.6.1\mvn_resp\com\fasterxml\jackson\module\jackson-module-parameter-names\2.13.5\jackson-module-parameter-names-2.13.5.jar;E:\Maven\apache-maven-3.6.1\mvn_resp\org\springframework\boot\spring-boot-starter-tomcat\2.7.12\spring-boot-starter-tomcat-2.7.12.jar;E:\Maven\apache-maven-3.6.1\mvn_resp\org\apache\tomcat\embed\tomcat-embed-core\9.0.75\tomcat-embed-core-9.0.75.jar;E:\Maven\apache-maven-3.6.1\mvn_resp\org\apache\tomcat\embed\tomcat-embed-el\9.0.75\tomcat-embed-el-9.0.75.jar;E:\Maven\apache-maven-3.6.1\mvn_resp\org\apache\tomcat\embed\tomcat-embed-websocket\9.0.75\tomcat-embed-websocket-9.0.75.jar;E:\Maven\apache-maven-3.6.1\mvn_resp\org\springframework\spring-web\5.3.27\spring-web-5.3.27.jar;E:\Maven\apache-maven-3.6.1\mvn_resp\org\springframework\spring-beans\5.3.27\spring-beans-5.3.27.jar;E:\Maven\apache-maven-3.6.1\mvn_resp\org\springframework\spring-webmvc\5.3.27\spring-webmvc-5.3.27.jar;E:\Maven\apache-maven-3.6.1\mvn_resp\org\springframework\spring-aop\5.3.27\spring-aop-5.3.27.jar;E:\Maven\apache-maven-3.6.1\mvn_resp\org\springframework\spring-context\5.3.27\spring-context-5.3.27.jar;E:\Maven\apache-maven-3.6.1\mvn_resp\org\springframework\spring-expression\5.3.27\spring-expression-5.3.27.jar;E:\Maven\apache-maven-3.6.1\mvn_resp\org\springframework\boot\spring-boot-devtools\2.7.12\spring-boot-devtools-2.7.12.jar;E:\Maven\apache-maven-3.6.1\mvn_resp\org\springframework\boot\spring-boot\2.7.12\spring-boot-2.7.12.jar;E:\Maven\apache-maven-3.6.1\mvn_resp\org\springframework\boot\spring-boot-autoconfigure\2.7.12\spring-boot-autoconfigure-2.7.12.jar;E:\Maven\apache-maven-3.6.1\mvn_resp\org\projectlombok\lombok\1.18.26\lombok-1.18.26.jar;E:\Maven\apache-maven-3.6.1\mvn_resp\org\springframework\boot\spring-boot-starter-test\2.7.12\spring-boot-starter-test-2.7.12.jar;E:\Maven\apache-maven-3.6.1\mvn_resp\org\springframework\boot\spring-boot-test\2.7.12\spring-boot-test-2.7.12.jar;E:\Maven\apache-maven-3.6.1\mvn_resp\org\springframework\boot\spring-boot-test-autoconfigure\2.7.12\spring-boot-test-autoconfigure-2.7.12.jar;E:\Maven\apache-maven-3.6.1\mvn_resp\com\jayway\jsonpath\json-path\2.7.0\json-path-2.7.0.jar;E:\Maven\apache-maven-3.6.1\mvn_resp\net\minidev\json-smart\2.4.11\json-smart-2.4.11.jar;E:\Maven\apache-maven-3.6.1\mvn_resp\net\minidev\accessors-smart\2.4.11\accessors-smart-2.4.11.jar;E:\Maven\apache-maven-3.6.1\mvn_resp\org\ow2\asm\asm\9.3\asm-9.3.jar;E:\Maven\apache-maven-3.6.1\mvn_resp\org\slf4j\slf4j-api\1.7.36\slf4j-api-1.7.36.jar;E:\Maven\apache-maven-3.6.1\mvn_resp\jakarta\xml\bind\jakarta.xml.bind-api\2.3.3\jakarta.xml.bind-api-2.3.3.jar;E:\Maven\apache-maven-3.6.1\mvn_resp\jakarta\activation\jakarta.activation-api\1.2.2\jakarta.activation-api-1.2.2.jar;E:\Maven\apache-maven-3.6.1\mvn_resp\org\assertj\assertj-core\3.22.0\assertj-core-3.22.0.jar;E:\Maven\apache-maven-3.6.1\mvn_resp\org\hamcrest\hamcrest\2.2\hamcrest-2.2.jar;E:\Maven\apache-maven-3.6.1\mvn_resp\org\junit\jupiter\junit-jupiter\5.8.2\junit-jupiter-5.8.2.jar;E:\Maven\apache-maven-3.6.1\mvn_resp\org\junit\jupiter\junit-jupiter-api\5.8.2\junit-jupiter-api-5.8.2.jar;E:\Maven\apache-maven-3.6.1\mvn_resp\org\opentest4j\opentest4j\1.2.0\opentest4j-1.2.0.jar;E:\Maven\apache-maven-3.6.1\mvn_resp\org\junit\platform\junit-platform-commons\1.8.2\junit-platform-commons-1.8.2.jar;E:\Maven\apache-maven-3.6.1\mvn_resp\org\apiguardian\apiguardian-api\1.1.2\apiguardian-api-1.1.2.jar;E:\Maven\apache-maven-3.6.1\mvn_resp\org\junit\jupiter\junit-jupiter-params\5.8.2\junit-jupiter-params-5.8.2.jar;E:\Maven\apache-maven-3.6.1\mvn_resp\org\junit\jupiter\junit-jupiter-engine\5.8.2\junit-jupiter-engine-5.8.2.jar;E:\Maven\apache-maven-3.6.1\mvn_resp\org\junit\platform\junit-platform-engine\1.8.2\junit-platform-engine-1.8.2.jar;E:\Maven\apache-maven-3.6.1\mvn_resp\org\mockito\mockito-core\4.5.1\mockito-core-4.5.1.jar;E:\Maven\apache-maven-3.6.1\mvn_resp\net\bytebuddy\byte-buddy\1.12.23\byte-buddy-1.12.23.jar;E:\Maven\apache-maven-3.6.1\mvn_resp\net\bytebuddy\byte-buddy-agent\1.12.23\byte-buddy-agent-1.12.23.jar;E:\Maven\apache-maven-3.6.1\mvn_resp\org\objenesis\objenesis\3.2\objenesis-3.2.jar;E:\Maven\apache-maven-3.6.1\mvn_resp\org\mockito\mockito-junit-jupiter\4.5.1\mockito-junit-jupiter-4.5.1.jar;E:\Maven\apache-maven-3.6.1\mvn_resp\org\skyscreamer\jsonassert\1.5.1\jsonassert-1.5.1.jar;E:\Maven\apache-maven-3.6.1\mvn_resp\com\vaadin\external\google\android-json\0.0.20131108.vaadin1\android-json-0.0.20131108.vaadin1.jar;E:\Maven\apache-maven-3.6.1\mvn_resp\org\springframework\spring-core\5.3.27\spring-core-5.3.27.jar;E:\Maven\apache-maven-3.6.1\mvn_resp\org\springframework\spring-jcl\5.3.27\spring-jcl-5.3.27.jar;E:\Maven\apache-maven-3.6.1\mvn_resp\org\springframework\spring-test\5.3.27\spring-test-5.3.27.jar;E:\Maven\apache-maven-3.6.1\mvn_resp\org\xmlunit\xmlunit-core\2.9.1\xmlunit-core-2.9.1.jar;"/>
    <property name="sun.cpu.endian" value="little"/>
    <property name="user.home" value="C:\Users\86152"/>
    <property name="user.language" value="zh"/>
    <property name="java.specification.vendor" value="Oracle Corporation"/>
    <property name="java.home" value="E:\JDK8\jdk1.8\jre"/>
    <property name="basedir" value="E:\Git仓库\helloworld"/>
    <property name="file.separator" value="\"/>
    <property name="line.separator" value="&#10;"/>
    <property name="java.vm.specification.vendor" value="Oracle Corporation"/>
    <property name="java.specification.name" value="Java Platform API Specification"/>
    <property name="java.awt.graphicsenv" value="sun.awt.Win32GraphicsEnvironment"/>
    <property name="surefire.real.class.path" value="C:\Users\86152\AppData\Local\Temp\surefire2739474617927654793\surefirebooter6781597124510727253.jar"/>
    <property name="sun.boot.class.path" value="E:\JDK8\jdk1.8\jre\lib\resources.jar;E:\JDK8\jdk1.8\jre\lib\rt.jar;E:\JDK8\jdk1.8\jre\lib\sunrsasign.jar;E:\JDK8\jdk1.8\jre\lib\jsse.jar;E:\JDK8\jdk1.8\jre\lib\jce.jar;E:\JDK8\jdk1.8\jre\lib\charsets.jar;E:\JDK8\jdk1.8\jre\lib\jfr.jar;E:\JDK8\jdk1.8\jre\classes"/>
    <property name="user.script" value=""/>
    <property name="sun.management.compiler" value="HotSpot 64-Bit Tiered Compilers"/>
    <property name="java.runtime.version" value="1.8.0_101-b13"/>
    <property name="user.name" value="86152"/>
    <property name="path.separator" value=";"/>
    <property name="os.version" value="10.0"/>
    <property name="java.endorsed.dirs" value="E:\JDK8\jdk1.8\jre\lib\endorsed"/>
    <property name="java.runtime.name" value="Java(TM) SE Runtime Environment"/>
    <property name="file.encoding" value="GBK"/>
    <property name="java.vm.name" value="Java HotSpot(TM) 64-Bit Server VM"/>
    <property name="localRepository" value="E:\Maven\apache-maven-3.6.1\mvn_resp"/>
    <property name="java.vendor.url.bug" value="http://bugreport.sun.com/bugreport/"/>
    <property name="java.io.tmpdir" value="C:\Users\86152\AppData\Local\Temp\"/>
    <property name="idea.version" value="2022.2.3"/>
    <property name="java.version" value="1.8.0_101"/>
    <property name="user.dir" value="E:\Git仓库\helloworld"/>
    <property name="os.arch" value="amd64"/>
    <property name="java.vm.specification.name" value="Java Virtual Machine Specification"/>
    <property name="java.awt.printerjob" value="sun.awt.windows.WPrinterJob"/>
    <property name="sun.os.patch.level" value=""/>
    <property name="java.library.path" value="E:\JDK8\jdk1.8\jre\bin;C:\WINDOWS\Sun\Java\bin;C:\WINDOWS\system32;C:\WINDOWS;C:\ProgramData\Oracle\Java\javapath;E:\VMware\bin\;E:\JDK\bin;C:\Program Files\Common Files\Oracle\Java\javapath;C:\Windows\system32;C:\Windows;C:\Windows\System32\Wbem;C:\Windows\System32\WindowsPowerShell\v1.0\;C:\Windows\System32\OpenSSH\;C:\Program Files (x86)\NVIDIA Corporation\PhysX\Common;C:\Program Files\NVIDIA Corporation\NVIDIA NvDLISR;C:\Program Files\dotnet\;C:\WINDOWS\system32;C:\WINDOWS;C:\WINDOWS\System32\Wbem;C:\WINDOWS\System32\WindowsPowerShell\v1.0\;C:\WINDOWS\System32\OpenSSH\;C:\Program Files\MySQL\MySQL Server 8.0\bin\;E:\Maven\apache-maven-3.6.1\bin;E:\EasyShare\x86\;E:\EasyShare\x64\;E:\Git 2.20.1\cmd;D:\MinGW\bin;E:\python3.10.4\Scripts\;E:\python3.10.4\;C:\Program Files\MySQL\MySQL Shell 8.0\bin\;C:\Users\86152\AppData\Local\Microsoft\WindowsApps;E:\Microsoft VS Code\bin;E:\QQliuxidating\QQGameTempest\Hall.57808\;;D:\Microsoft VS Code\bin;."/>
    <property name="java.vm.info" value="mixed mode"/>
    <property name="java.vendor" value="Oracle Corporation"/>
    <property name="java.vm.version" value="25.101-b13"/>
    <property name="java.ext.dirs" value="E:\JDK8\jdk1.8\jre\lib\ext;C:\WINDOWS\Sun\Java\lib\ext"/>
    <property name="sun.io.unicode.encoding" value="UnicodeLittle"/>
    <property name="java.class.version" value="52.0"/>
  </properties>
  <testcase name="contextLoads" classname="com.zzy.HelloworldApplicationTests" time="0.192"/>
</testsuite>